<?xml version="1.0" encoding="UTF-8"?>
<!-- Generated by org.testng.reporters.JUnitReportReporter -->
<testsuite hostname="SYADAVA-W01" name="CommandHelloWorld" tests="1" failures="0" timestamp="19 Feb 2018 09:44:16 GMT" time="0.047" errors="0">
  <testcase name="givenInputBobAndDefaultSettings_whenCommandExecuted_thenReturnHelloBob" time="0.047" classname="CommandHelloWorld"/>
</testsuite> <!-- CommandHelloWorld -->
