<?xml version="1.0" encoding="UTF-8"?>
<!-- Generated by org.testng.reporters.JUnitReportReporter -->
<testsuite hostname="SYADAVA-W01" name="AvoidRedundantCallAndMinCpuUti" tests="1" failures="0" timestamp="20 Feb 2018 11:00:02 GMT" time="0.826" errors="0">
  <testcase name="givenSvcTimeoutOf500AndExecTimeoutOf10000AndThreadPool_whenRemoteSvcExecuted_thenReturnSuccess" time="0.826" classname="AvoidRedundantCallAndMinCpuUti"/>
</testsuite> <!-- AvoidRedundantCallAndMinCpuUti -->
