<?xml version="1.0" encoding="UTF-8"?>
<!-- Generated by org.testng.reporters.JUnitReportReporter -->
<testsuite hostname="SYADAVA-W01" name="DelayServicesExectionWithExceptionHandled" tests="1" failures="0" timestamp="20 Feb 2018 10:41:46 GMT" time="5.301" errors="0">
  <testcase name="givenSvcTimeoutOf15000AndExecTimeoutOf5000_whenRemoteSvcExecuted_thenExpectHre" time="5.301" classname="DelayServicesExectionWithExceptionHandled"/>
</testsuite> <!-- DelayServicesExectionWithExceptionHandled -->
