<?xml version="1.0" encoding="UTF-8"?>
<!-- Generated by org.testng.reporters.JUnitReportReporter -->
<testsuite hostname="SYADAVA-W01" name="Test" tests="1" failures="0" timestamp="20 Feb 2018 10:41:01 GMT" time="5.305" errors="0">
  <testcase name="givenSvcTimeoutOf5000AndExecTimeoutOf10000_whenRemoteSvcExecuted_thenReturnSuccess" time="5.305" classname="Test"/>
</testsuite> <!-- Test -->
